<?xml version="1.0" encoding="UTF-8"?>
<!-- Generated by org.testng.reporters.JUnitReportReporter -->
<testsuite hostname="DESKTOP-3KHCQQ2" failures="0" tests="1" name="org.pack.RestAssuPrac" time="5.905" errors="0" timestamp="2023-09-15T19:05:00 IST" skipped="0">
  <testcase classname="org.pack.RestAssuPrac" name="sampleTest" time="5.905"/>
  <system-out/>
</testsuite> <!-- org.pack.RestAssuPrac -->
